<?xml version="1.0" encoding="utf-8"?><testsuites name="pytest tests"><testsuite name="pytest" errors="0" failures="0" skipped="0" tests="5" time="6.256" timestamp="2026-08-20T17:14:19.852846+00:00" hostname="agent-env-f31589e4-4fe9-460f-9849-99798ba9a02c"><testcase classname="tests.backend_test" name="test_all_roles_login_and_bootstrap" time="1.908" /><testcase classname="tests.backend_test" name="test_admin_endpoint_denied_to_reception" time="0.448" /><testcase classname="tests.backend_test" name="test_create_multislot_conflict_cancel_rebook" time="1.670" /><testcase classname="tests.backend_test" name="test_doctor_cannot_book_for_other_doctor" time="0.634" /><testcase classname="tests.backend_test" name="test_admin_can_manage_chairs_users_settings" time="1.065" /></testsuite></testsuites>