<?xml version="1.0" encoding="utf-8"?><testsuites name="pytest tests"><testsuite name="pytest" errors="0" failures="0" skipped="0" tests="9" time="10.372" timestamp="2026-08-20T18:08:41.341820+00:00" hostname="agent-env-f31589e4-4fe9-460f-9849-99798ba9a02c"><testcase classname="tests.backend_test" name="test_all_roles_login_and_bootstrap" time="1.747" /><testcase classname="tests.backend_test" name="test_admin_endpoint_denied_to_reception" time="0.719" /><testcase classname="tests.backend_test" name="test_create_multislot_conflict_cancel_rebook" time="1.690" /><testcase classname="tests.backend_test" name="test_doctor_cannot_book_or_modify_other_doctor" time="1.829" /><testcase classname="tests.backend_test" name="test_mandatory_fields_rejected" time="0.595" /><testcase classname="tests.backend_test" name="test_admin_can_manage_chairs_users_settings" time="1.143" /><testcase classname="tests.backend_test" name="test_waitlist_flow" time="0.747" /><testcase classname="tests.backend_test" name="test_waitlist_denied_to_doctor" time="0.447" /><testcase classname="tests.backend_test" name="test_weekly_summary_admin_only" time="0.861" /></testsuite></testsuites>